
ROM used:   1073/8192 (13%)
            1073/8192 (13%) including unused fragments

            1.1 Average locations per line
            11.7 Average locations per statement

RAM used:   18/368 (5%) at main() level
            44/368 (12%) worst case

Stack used: 4 worst case (4 in main + 0 for interrupts)
Stack size: 8

Lines Stmts  %   Files
----- ----- ---  -----
   32    13  14  main.c
    5     0   0  main.h
  672     0   0  C:\Program Files (x86)\PICC\Devices\16F877A.h
  297    79  86  C:\Program Files (x86)\PICC\Drivers\Flex_LCD420.c
----- -----
 1006    92 Total

Page ROM  %  RAM    Vol Diff  Functions:
---- --- --- ---    --- ----  ----------
0     21   2    1             @delay_ms1
0      8   1    0             @const622
0     41   4    1    328  2.7  lcd_send_nibble
0     38   4    1    389  2.3  lcd_read_nibble
 Inline         3    165  3.3  lcd_read_byte
0     61   6    3    319  4.1  lcd_send_byte
0     50   5    2    411  4.5  lcd_init
0     37   3    4    386  6.5  lcd_gotoxy
0     39   4    1    310  4.8  lcd_putc
0    117  11   12    346  3.9  MAIN
0     31   3    2             @ITOF
0    204  19   14             @DIVFF
0    117  11   13             @MULFF
 Inline         5             @FTOSD
0     79   7   13             @DIV3232
0    226  21   13             @PRINTF_L32D_644FPFPF
 Inline         0             @cinit1

Program metrics:
    Functions               8
    Statements              92
    Comments                192
    Volume (V)              4167
    Difficulty (D)          30.6
    Effort to implement (E) 127661
    Time to implement (T)   1 hours, 58 minutes
    Est Delivered Bugs (B)  1
    Cyclomatic Complexity   12
    Maintainability (MI)    147

 Segment     Used  Free
-----------  ----  ----
00000-00003     4  0  
00004-007FF  1069  975  
00800-00FFF     0  2048  
01000-017FF     0  2048  
01800-01FFF     0  2048  



