
ROM used:   887/8192 (11%)
            887/8192 (11%) including unused fragments

            0.9 Average locations per line
            9.2 Average locations per statement

RAM used:   11/368 (3%) at main() level
            37/368 (10%) worst case

Stack used: 5 worst case (5 in main + 0 for interrupts)
Stack size: 8

Lines Stmts  %   Files
----- ----- ---  -----
   41    17  18  main.c
    5     0   0  main.h
  672     0   0  C:\Program Files (x86)\PICC\Devices\16F877A.h
  297    79  82  C:\Program Files (x86)\PICC\Drivers\Flex_LCD420.c
----- -----
 1015    96 Total

Page ROM  %  RAM    Vol Diff  Functions:
---- --- --- ---    --- ----  ----------
0     21   2    1             @delay_ms1
0      8   1    0             @const622
0     41   5    1    328  2.7  lcd_send_nibble
0     38   4    1    389  2.3  lcd_read_nibble
 Inline         3    165  3.3  lcd_read_byte
0     61   7    3    319  4.1  lcd_send_byte
0     50   6    2    411  4.5  lcd_init
0     37   4    4    386  6.5  lcd_gotoxy
0     39   4    1    310  4.8  lcd_putc
0    141  16    5    458  4.2  MAIN
0     29   3    2             @ITOF
 Inline        13             @MULFF
 Inline         5             @FTOSD
0     79   9   13             @DIV3232
0    339  38   13             @PRINTF_L32D_644FPFPF
 Inline         0             @cinit1

Program metrics:
    Functions               8
    Statements              96
    Comments                190
    Volume (V)              4325
    Difficulty (D)          31.0
    Effort to implement (E) 134216
    Time to implement (T)   2 hours, 4 minutes
    Est Delivered Bugs (B)  1
    Cyclomatic Complexity   14
    Maintainability (MI)    145

 Segment     Used  Free
-----------  ----  ----
00000-00003     4  0  
00004-007FF   883  1161  
00800-00FFF     0  2048  
01000-017FF     0  2048  
01800-01FFF     0  2048  



