
ROM used:   452/8192 (6%)
            452/8192 (6%) including unused fragments

            0.4 Average locations per line
            5.0 Average locations per statement

RAM used:   9/368 (2%) at main() level
            22/368 (6%) worst case

Stack used: 4 worst case (4 in main + 0 for interrupts)
Stack size: 8

Lines Stmts  %   Files
----- ----- ---  -----
   35    11  12  main.c
    5     0   0  main.h
  672     0   0  C:\Program Files (x86)\PICC\Devices\16F877A.h
  297    79  88  C:\Program Files (x86)\PICC\Drivers\Flex_LCD420.c
----- -----
 1009    90 Total

Page ROM  %  RAM    Vol Diff  Functions:
---- --- --- ---    --- ----  ----------
0     21   5    1             @delay_ms1
0      8   2    0             @const622
0     41   9    1    328  2.7  lcd_send_nibble
0     38   8    1    389  2.3  lcd_read_nibble
 Inline         3    165  3.3  lcd_read_byte
0     61  13    3    319  4.1  lcd_send_byte
0     50  11    2    411  4.5  lcd_init
 Inline         4    386  6.5  lcd_gotoxy
0     74  16    1    310  4.8  lcd_putc
0     64  14    1    233  3.9  MAIN
0      3   1    0    233  3.9  @const656
0     86  19    4             @PSTRINGC7_644
0      2   0    0             @const662
 Inline         0             @cinit1

Program metrics:
    Functions               9
    Statements              90
    Comments                198
    Volume (V)              4450
    Difficulty (D)          35.1
    Effort to implement (E) 156024
    Time to implement (T)   2 hours, 24 minutes
    Est Delivered Bugs (B)  1
    Cyclomatic Complexity   16
    Maintainability (MI)    143

 Segment     Used  Free
-----------  ----  ----
00000-00003     4  0  
00004-007FF   448  1596  
00800-00FFF     0  2048  
01000-017FF     0  2048  
01800-01FFF     0  2048  



