
ROM used:   944/8192 (12%)
            944/8192 (12%) including unused fragments

            0.9 Average locations per line
            9.5 Average locations per statement

RAM used:   18/368 (5%) at main() level
            44/368 (12%) worst case

Stack used: 6 worst case (5 in main + 1 for interrupts)
Stack size: 8

Lines Stmts  %   Files
----- ----- ---  -----
   49    20  20  main.c
    8     0   0  main.h
  672     0   0  C:\Program Files (x86)\PICC\Devices\16F877A.h
  297    79  80  C:\Program Files (x86)\PICC\Drivers\Flex_LCD420.c
----- -----
 1026    99 Total

Page ROM  %  RAM    Vol Diff  Functions:
---- --- --- ---    --- ----  ----------
0     21   2    1             @delay_ms1
0      8   1    0             @const622
0     41   4    1    328  2.7  lcd_send_nibble
0     38   4    1    389  2.3  lcd_read_nibble
 Inline         3    165  3.3  lcd_read_byte
0     61   6    3    319  4.1  lcd_send_byte
0     50   5    2    411  4.5  lcd_init
0     37   4    4    386  6.5  lcd_gotoxy
0     39   4    1    310  4.8  lcd_putc
0      8   1    0     29  1.6  RDA_isr
0    145  15    0    455  4.1  MAIN
0     29   3    2             @ITOF
 Inline        13             @MULFF
 Inline         5             @FTOSD
0     79   8   13             @DIV3232
0    339  36   13             @PRINTF_L32D_644FPFPF
 Inline         0             @cinit1

Program metrics:
    Functions               9
    Statements              99
    Comments                190
    Volume (V)              4418
    Difficulty (D)          32.7
    Effort to implement (E) 144611
    Time to implement (T)   2 hours, 14 minutes
    Est Delivered Bugs (B)  1
    Cyclomatic Complexity   14
    Maintainability (MI)    137

 Segment     Used  Free
-----------  ----  ----
00000-00003     4  0  
00004-00030    45  0  
00031-007FF   895  1104  
00800-00FFF     0  2048  
01000-017FF     0  2048  
01800-01FFF     0  2048  



