
ROM used:   513/8192 (6%)
            513/8192 (6%) including unused fragments

            0.5 Average locations per line
            5.5 Average locations per statement

RAM used:   9/368 (2%) at main() level
            22/368 (6%) worst case

Stack used: 4 worst case (4 in main + 0 for interrupts)
Stack size: 8

Lines Stmts  %   Files
----- ----- ---  -----
   28    14  15  main.c
    5     0   0  main.h
  672     0   0  C:\Program Files (x86)\PICC\Devices\16F877A.h
  297    79  85  C:\Program Files (x86)\PICC\Drivers\Flex_LCD420.c
----- -----
 1002    93 Total

Page ROM  %  RAM    Vol Diff  Functions:
---- --- --- ---    --- ----  ----------
0     21   4    1             @delay_ms1
0      8   2    0             @const622
0     41   8    1    328  2.7  lcd_send_nibble
0     38   7    1    389  2.3  lcd_read_nibble
 Inline         3    165  3.3  lcd_read_byte
0     61  12    3    319  4.1  lcd_send_byte
0     48   9    2    411  4.5  lcd_init
0     37   7    4    386  6.5  lcd_gotoxy
0     39   8    1    310  4.8  lcd_putc
0     47   9    1    302  4.0  MAIN
0      5   1    0             @const654
0     88  17    4             @PSTRINGC7_644
0     21   4    3             @DIV88
0     55  11    2             @PRINTF_U_644
 Inline         0             @cinit1

Program metrics:
    Functions               8
    Statements              93
    Comments                192
    Volume (V)              4098
    Difficulty (D)          31.0
    Effort to implement (E) 126957
    Time to implement (T)   1 hours, 58 minutes
    Est Delivered Bugs (B)  1
    Cyclomatic Complexity   13
    Maintainability (MI)    147

 Segment     Used  Free
-----------  ----  ----
00000-00003     4  0  
00004-007FF   509  1535  
00800-00FFF     0  2048  
01000-017FF     0  2048  
01800-01FFF     0  2048  



